Using pre-set license

 COMMAND LINE ARGUMENTS:
/Applications/Unity/Hub/Editor/2021.1.10f1/Unity.app/Contents/MacOS/Unity
-adb2
-batchMode
-noUpm
-name
AssetImportWorker0
-projectPath
/Users/teacher/Documents/GitHub/Base_SpaceShooter
-logFile
Logs/AssetImportWorker0.log
-srvPort
49419
Successfully changed project path to: /Users/teacher/Documents/GitHub/Base_SpaceShooter
/Users/teacher/Documents/GitHub/Base_SpaceShooter
Using Asset Import Pipeline V2.
Refreshing native plugins compatible for Editor in 44.19 ms, found 2 plugins.
Preloading 0 native plugins for Editor in 0.00 ms.
Initialize engine version: 2021.1.10f1 (b15f561b2cef)
[Subsystems] Discovering subsystems at path /Applications/Unity/Hub/Editor/2021.1.10f1/Unity.app/Contents/Resources/UnitySubsystems
[Subsystems] Discovering subsystems at path /Users/teacher/Documents/GitHub/Base_SpaceShooter/Assets
GfxDevice: creating device client; threaded=0; jobified=0
2021-07-10 09:05:24.821 Unity[1468:80030] iMac preferred device: AMD Radeon Pro Vega 56 (high power)
2021-07-10 09:05:24.821 Unity[1468:80030] Metal devices available: 1
2021-07-10 09:05:24.821 Unity[1468:80030] 0: AMD Radeon Pro Vega 56 (high power)
2021-07-10 09:05:24.821 Unity[1468:80030] Forcing user selected device: AMD Radeon Pro Vega 56 (high power)
Initializing Metal device caps: AMD Radeon Pro Vega 56
Initialize mono
Mono path[0] = '/Applications/Unity/Hub/Editor/2021.1.10f1/Unity.app/Contents/Managed'
Mono path[1] = '/Applications/Unity/Hub/Editor/2021.1.10f1/Unity.app/Contents/MonoBleedingEdge/lib/mono/unityjit'
Mono config path = '/Applications/Unity/Hub/Editor/2021.1.10f1/Unity.app/Contents/MonoBleedingEdge/etc'
Using monoOptions --debugger-agent=transport=dt_socket,embedding=1,server=y,suspend=n,address=127.0.0.1:56468
Begin MonoManager ReloadAssembly
Registering precompiled unity dll's ...
Register platform support module: /Applications/Unity/Hub/Editor/2021.1.10f1/Unity.app/Contents/PlaybackEngines/MacStandaloneSupport/UnityEditor.OSXStandalone.Extensions.dll
Registered in 0.001189 seconds.
Native extension for OSXStandalone target not found
Refreshing native plugins compatible for Editor in 42.76 ms, found 2 plugins.
Preloading 0 native plugins for Editor in 0.00 ms.
Mono: successfully reloaded assembly
- Completed reload, in  5.302 seconds
Domain Reload Profiling:
	ReloadAssembly (5302ms)
		BeginReloadAssembly (45ms)
			ExecutionOrderSort (0ms)
			DisableScriptedObjects (0ms)
			BackupInstance (0ms)
			ReleaseScriptingObjects (0ms)
			CreateAndSetChildDomain (1ms)
		EndReloadAssembly (513ms)
			LoadAssemblies (44ms)
			RebuildTransferFunctionScriptingTraits (0ms)
			SetupTypeCache (218ms)
			ReleaseScriptCaches (0ms)
			RebuildScriptCaches (40ms)
			SetupLoadedEditorAssemblies (208ms)
				LogAssemblyErrors (0ms)
				InitializePlatformSupportModulesInManaged (7ms)
				SetLoadedEditorAssemblies (0ms)
				RefreshPlugins (43ms)
				BeforeProcessingInitializeOnLoad (1ms)
				ProcessInitializeOnLoadAttributes (123ms)
				ProcessInitializeOnLoadMethodAttributes (33ms)
				AfterProcessingInitializeOnLoad (0ms)
				EditorAssembliesLoaded (0ms)
			ExecutionOrderSort2 (0ms)
			AwakeInstancesAfterBackupRestoration (0ms)
Platform modules already initialized, skipping
Registering precompiled user dll's ...
Registered in 0.005478 seconds.
Begin MonoManager ReloadAssembly
Native extension for OSXStandalone target not found
Refreshing native plugins compatible for Editor in 43.28 ms, found 2 plugins.
Preloading 0 native plugins for Editor in 0.00 ms.
Mono: successfully reloaded assembly
- Completed reload, in  1.494 seconds
Domain Reload Profiling:
	ReloadAssembly (1494ms)
		BeginReloadAssembly (180ms)
			ExecutionOrderSort (0ms)
			DisableScriptedObjects (5ms)
			BackupInstance (0ms)
			ReleaseScriptingObjects (0ms)
			CreateAndSetChildDomain (41ms)
		EndReloadAssembly (1244ms)
			LoadAssemblies (105ms)
			RebuildTransferFunctionScriptingTraits (0ms)
			SetupTypeCache (422ms)
			ReleaseScriptCaches (1ms)
			RebuildScriptCaches (65ms)
			SetupLoadedEditorAssemblies (523ms)
				LogAssemblyErrors (0ms)
				InitializePlatformSupportModulesInManaged (4ms)
				SetLoadedEditorAssemblies (0ms)
				RefreshPlugins (43ms)
				BeforeProcessingInitializeOnLoad (55ms)
				ProcessInitializeOnLoadAttributes (399ms)
				ProcessInitializeOnLoadMethodAttributes (20ms)
				AfterProcessingInitializeOnLoad (1ms)
				EditorAssembliesLoaded (0ms)
			ExecutionOrderSort2 (0ms)
			AwakeInstancesAfterBackupRestoration (8ms)
Platform modules already initialized, skipping
========================================================================
Worker process is ready to serve import requests
Launching external process: /Applications/Unity/Hub/Editor/2021.1.10f1/Unity.app/Contents/Tools/UnityShaderCompiler
Launched and connected shader compiler UnityShaderCompiler after 0.02 seconds
Refreshing native plugins compatible for Editor in 0.58 ms, found 2 plugins.
Preloading 0 native plugins for Editor in 0.00 ms.
Unloading 2457 Unused Serialized files (Serialized files now loaded: 0)
System memory in use before: 200.8 MB.
System memory in use after: 201.0 MB.

Unloading 31 unused Assets to reduce memory usage. Loaded Objects now: 2914.
Total: 3.508403 ms (FindLiveObjects: 0.258709 ms CreateObjectMapping: 0.094630 ms MarkObjects: 3.090968 ms  DeleteObjects: 0.062953 ms)

AssetImportParameters requested are different than current active one (requested -> active):
  custom:video-decoder-ogg-theora: a1e56fd34408186e4bbccfd4996cb3dc -> 
  custom:container-muxer-webm: aa71ff27fc2769a1b78a27578f13a17b -> 
  custom:container-demuxer-webm: 4f35f7cbe854078d1ac9338744f61a02 -> 
  custom:container-demuxer-ogg: 62fdf1f143b41e24485cea50d1cbac27 -> 
  custom:video-encoder-webm-vp8: eb34c28f22e8b96e1ab97ce403110664 -> 
  custom:framework-osx-AVFoundation: e770b220cccbd017edd2c1fefb359320 -> 
  custom:video-decoder-webm-vp8: 9c59270c3fd7afecdb556c50c9e8de78 -> 
  custom:audio-decoder-ogg-vorbis: bf7c407c2cedff20999df2af8eb42d56 -> 
  custom:audio-encoder-webm-vorbis: bf7c407c2cedff20999df2af8eb42d56 -> 
========================================================================
Received Import Request.
  path: Assets/Prefabs/Dynamic/Player.prefab
  artifactKey: Guid(281306b64fcfe4ea8b24d3cc8cfd825b) Importer(815301076,1909f56bfc062723c751e8b465ee728b)
Start importing Assets/Prefabs/Dynamic/Player.prefab using Guid(281306b64fcfe4ea8b24d3cc8cfd825b) Importer(815301076,1909f56bfc062723c751e8b465ee728b)  -> (artifact id: '58479b6cef68776258879ffa7299acb5') in 1.096323 seconds 
========================================================================
Received Import Request.
  Time since last request: 29.001295 seconds.
  path: Assets/Prefabs/Static/Main Camera.prefab
  artifactKey: Guid(92eac1eb62b6842e4b3c4cc3e1ce0c7a) Importer(815301076,1909f56bfc062723c751e8b465ee728b)
Start importing Assets/Prefabs/Static/Main Camera.prefab using Guid(92eac1eb62b6842e4b3c4cc3e1ce0c7a) Importer(815301076,1909f56bfc062723c751e8b465ee728b)  -> (artifact id: '4d9743d9f89784ac3498455f7100db9b') in 0.003827 seconds 
========================================================================
Received Import Request.
  Time since last request: 0.677802 seconds.
  path: Assets/Prefabs/Static/Background.prefab
  artifactKey: Guid(d3f2f8f0a7707429588e8b05e7b2c8cb) Importer(815301076,1909f56bfc062723c751e8b465ee728b)
Start importing Assets/Prefabs/Static/Background.prefab using Guid(d3f2f8f0a7707429588e8b05e7b2c8cb) Importer(815301076,1909f56bfc062723c751e8b465ee728b)  -> (artifact id: 'fd377ecb1b85b0f8bc21195c88930627') in 0.010949 seconds 
========================================================================
Received Import Request.
  Time since last request: 0.500039 seconds.
  path: Assets/Prefabs/Static/Enemy Spawner.prefab
  artifactKey: Guid(3b45e7237dcc247569c40fcf865286f7) Importer(815301076,1909f56bfc062723c751e8b465ee728b)
Start importing Assets/Prefabs/Static/Enemy Spawner.prefab using Guid(3b45e7237dcc247569c40fcf865286f7) Importer(815301076,1909f56bfc062723c751e8b465ee728b)  -> (artifact id: '544a8fad6fe0b4845ea5bed08587d07b') in 0.006983 seconds 
========================================================================
Received Import Request.
  Time since last request: 98.208009 seconds.
  path: Assets/Prefabs/Dynamic/Player.prefab
  artifactKey: Guid(281306b64fcfe4ea8b24d3cc8cfd825b) Importer(815301076,1909f56bfc062723c751e8b465ee728b)
Start importing Assets/Prefabs/Dynamic/Player.prefab using Guid(281306b64fcfe4ea8b24d3cc8cfd825b) Importer(815301076,1909f56bfc062723c751e8b465ee728b)  -> (artifact id: 'f525db16669a8fca72d806273e474c43') in 0.008890 seconds 
========================================================================
Received Import Request.
  Time since last request: 1261.429698 seconds.
  path: Assets/Resources/Editor Art/SunnfolkLogo.png
  artifactKey: Guid(ef6900b1959fd4c559781112fe3038f2) Importer(815301076,1909f56bfc062723c751e8b465ee728b)
Start importing Assets/Resources/Editor Art/SunnfolkLogo.png using Guid(ef6900b1959fd4c559781112fe3038f2) Importer(815301076,1909f56bfc062723c751e8b465ee728b)  -> (artifact id: '65aaf49f0b12094ad04ab885952be214') in 0.758405 seconds 
