
=== Thu Jun 10 08:42:57 2021

Packages were changed.
Update Mode: updateDependencies

The following packages were updated:
  com.unity.2d.animation from version 5.0.4 to 6.0.3
  com.unity.2d.pixel-perfect from version 4.0.1 to 5.0.0
  com.unity.2d.psdimporter from version 4.0.2 to 5.0.3
  com.unity.2d.spriteshape from version 5.1.1 to 6.0.0
  com.unity.collab-proxy from version 1.3.9 to 1.5.7
  com.unity.ide.rider from version 2.0.7 to 3.0.6
  com.unity.test-framework from version 1.1.22 to 1.1.24
  com.unity.textmeshpro from version 3.0.3 to 3.0.6
  com.unity.timeline from version 1.4.6 to 1.5.5

=== Mon Jul  5 09:01:34 2021

Packages were changed.
Update Mode: updateDependencies

The following packages were updated:
  com.unity.2d.animation from version 5.0.4 to 6.0.3
  com.unity.2d.pixel-perfect from version 4.0.1 to 5.0.0
  com.unity.2d.psdimporter from version 4.0.2 to 5.0.3
  com.unity.2d.spriteshape from version 5.1.1 to 6.0.0
  com.unity.collab-proxy from version 1.3.9 to 1.5.7
  com.unity.ide.rider from version 2.0.7 to 3.0.6
  com.unity.test-framework from version 1.1.22 to 1.1.24
  com.unity.textmeshpro from version 3.0.3 to 3.0.6
  com.unity.timeline from version 1.4.6 to 1.5.5

=== Wed Jul 31 22:53:10 2024

Packages were changed.
Update Mode: updateDependencies

The following packages were added:
  com.unity.ai.navigation@2.0.0
  com.unity.modules.accessibility@1.0.0
The following packages were updated:
  com.unity.2d.animation from version 6.0.3 to 10.1.2
  com.unity.2d.pixel-perfect from version 5.0.0 to 5.0.3
  com.unity.2d.psdimporter from version 5.0.3 to 9.0.3
  com.unity.2d.spriteshape from version 6.0.0 to 10.0.6
  com.unity.collab-proxy from version 1.5.7 to 2.4.3
  com.unity.ide.rider from version 3.0.6 to 3.0.31
  com.unity.inputsystem from version 1.0.2 to 1.9.0
  com.unity.test-framework from version 1.1.24 to 1.4.4
  com.unity.timeline from version 1.5.5 to 1.8.7
  com.unity.ugui from version 1.0.0 to 2.0.0
The following packages were removed:
  com.unity.textmeshpro@3.0.6
